<html>
<head>
<title>TestNG:  UnitTests</title>
<link href="../testng.css" rel="stylesheet" type="text/css" />
<link href="../my-testng.css" rel="stylesheet" type="text/css" />

<style type="text/css">
.log { display: none;} 
.stack-trace { display: none;} 
</style>
<script type="text/javascript">
<!--
function flip(e) {
  current = e.style.display;
  if (current == 'block') {
    e.style.display = 'none';
    return 0;
  }
  else {
    e.style.display = 'block';
    return 1;
  }
}

function toggleBox(szDivId, elem, msg1, msg2)
{
  var res = -1;  if (document.getElementById) {
    res = flip(document.getElementById(szDivId));
  }
  else if (document.all) {
    // this is the way old msie versions work
    res = flip(document.all[szDivId]);
  }
  if(elem) {
    if(res == 0) elem.innerHTML = msg1; else elem.innerHTML = msg2;
  }

}

function toggleAllBoxes() {
  if (document.getElementsByTagName) {
    d = document.getElementsByTagName('div');
    for (i = 0; i < d.length; i++) {
      if (d[i].className == 'log') {
        flip(d[i]);
      }
    }
  }
}

// -->
</script>

</head>
<body>
<h2 align='center'>UnitTests</h2><table border='1' align="center">
<tr>
<td>Tests passed/Failed/Skipped:</td><td>15/3/0</td>
</tr><tr>
<td>Started on:</td><td>Sat Apr 03 11:18:48 IST 2021</td>
</tr>
<tr><td>Total time:</td><td>399 seconds (399980 ms)</td>
</tr><tr>
<td>Included groups:</td><td></td>
</tr><tr>
<td>Excluded groups:</td><td></td>
</tr>
</table><p/>
<small><i>(Hover the method name to see the test class name)</i></small><p/>
<table width='100%' border='1' class='invocation-failed'>
<tr><td colspan='4' align='center'><b>FAILED TESTS</b></td></tr>
<tr><td><b>Test method</b></td>
<td width="30%"><b>Exception</b></td>
<td width="10%"><b>Time (seconds)</b></td>
<td><b>Instance</b></td>
</tr>
<tr>
<td title='FactoryRunners.CheckoutRunner.OneWayCheckoutTest()'><b>OneWayCheckoutTest</b><br>Test class: FactoryRunners.CheckoutRunner<br>Parameters: Mr., Mathew, Alex, 9898989898, 2333 3333 3333 3333, 02-Feb, 2025, 123, India, Thane, Thane, Thane, 123456, m, 1, 01-Jan, 2000, tejas@gmail.com</td>
<td><div><pre>java.lang.AssertionError: Stopper effect observed, Version has changed and as a result unit testing cannot be carried out
	at FactoryRunners.CheckoutRunner.OneWayCheckoutTest(CheckoutRunner.java:27)
	at java.base/java.util.concurrent.FutureTask.run(FutureTask.java:264)
	at java.base/java.util.concurrent.ThreadPoolExecutor.runWorker(ThreadPoolExecutor.java:1130)
	at java.base/java.util.concurrent.ThreadPoolExecutor$Worker.run(ThreadPoolExecutor.java:630)
	at java.base/java.lang.Thread.run(Thread.java:832)
... Removed 17 stack frames</pre></div><a href='#' onClick='toggleBox("stack-trace1684123744", this, "Click to show all stack frames", "Click to hide stack frames")'>Click to show all stack frames</a>
<div class='stack-trace' id='stack-trace1684123744'><pre>java.lang.AssertionError: Stopper effect observed, Version has changed and as a result unit testing cannot be carried out
	at org.testng.Assert.fail(Assert.java:96)
	at FactoryRunners.CheckoutRunner.OneWayCheckoutTest(CheckoutRunner.java:27)
	at java.base/jdk.internal.reflect.NativeMethodAccessorImpl.invoke0(Native Method)
	at java.base/jdk.internal.reflect.NativeMethodAccessorImpl.invoke(NativeMethodAccessorImpl.java:64)
	at java.base/jdk.internal.reflect.DelegatingMethodAccessorImpl.invoke(DelegatingMethodAccessorImpl.java:43)
	at java.base/java.lang.reflect.Method.invoke(Method.java:564)
	at org.testng.internal.MethodInvocationHelper.invokeMethod(MethodInvocationHelper.java:124)
	at org.testng.internal.Invoker.invokeMethod(Invoker.java:583)
	at org.testng.internal.Invoker.invokeTestMethod(Invoker.java:719)
	at org.testng.internal.Invoker.invokeTestMethods(Invoker.java:989)
	at org.testng.internal.TestMethodWorker.invokeTestMethods(TestMethodWorker.java:125)
	at org.testng.internal.TestMethodWorker.run(TestMethodWorker.java:109)
	at org.testng.TestRunner.privateRun(TestRunner.java:648)
	at org.testng.TestRunner.run(TestRunner.java:505)
	at org.testng.SuiteRunner.runTest(SuiteRunner.java:455)
	at org.testng.SuiteRunner.access$000(SuiteRunner.java:40)
	at org.testng.SuiteRunner$SuiteWorker.run(SuiteRunner.java:489)
	at org.testng.internal.thread.ThreadUtil$1.call(ThreadUtil.java:52)
	at java.base/java.util.concurrent.FutureTask.run(FutureTask.java:264)
	at java.base/java.util.concurrent.ThreadPoolExecutor.runWorker(ThreadPoolExecutor.java:1130)
	at java.base/java.util.concurrent.ThreadPoolExecutor$Worker.run(ThreadPoolExecutor.java:630)
	at java.base/java.lang.Thread.run(Thread.java:832)
</pre></div></td>
<td>22</td>
<td>FactoryRunners.CheckoutRunner@312ab28e</td></tr>
<tr>
<td title='FactoryRunners.CheckoutRunner.multiCheckoutTest()'><b>multiCheckoutTest</b><br>Test class: FactoryRunners.CheckoutRunner<br>Parameters: Mr., Mathew, Alex, 9898989898, 2333 3333 3333 3333, 02-Feb, 2025, 123, India, Thane, Thane, Thane, 123456, m, 1, 01-Jan, 2000, tejas@gmail.com</td>
<td><div><pre>java.lang.AssertionError: Stopper effect observed, Version has changed and as a result unit testing cannot be carried out
	at FactoryRunners.CheckoutRunner.multiCheckoutTest(CheckoutRunner.java:118)
	at java.base/java.util.concurrent.FutureTask.run(FutureTask.java:264)
	at java.base/java.util.concurrent.ThreadPoolExecutor.runWorker(ThreadPoolExecutor.java:1130)
	at java.base/java.util.concurrent.ThreadPoolExecutor$Worker.run(ThreadPoolExecutor.java:630)
	at java.base/java.lang.Thread.run(Thread.java:832)
... Removed 17 stack frames</pre></div><a href='#' onClick='toggleBox("stack-trace1568208480", this, "Click to show all stack frames", "Click to hide stack frames")'>Click to show all stack frames</a>
<div class='stack-trace' id='stack-trace1568208480'><pre>java.lang.AssertionError: Stopper effect observed, Version has changed and as a result unit testing cannot be carried out
	at org.testng.Assert.fail(Assert.java:96)
	at FactoryRunners.CheckoutRunner.multiCheckoutTest(CheckoutRunner.java:118)
	at java.base/jdk.internal.reflect.NativeMethodAccessorImpl.invoke0(Native Method)
	at java.base/jdk.internal.reflect.NativeMethodAccessorImpl.invoke(NativeMethodAccessorImpl.java:64)
	at java.base/jdk.internal.reflect.DelegatingMethodAccessorImpl.invoke(DelegatingMethodAccessorImpl.java:43)
	at java.base/java.lang.reflect.Method.invoke(Method.java:564)
	at org.testng.internal.MethodInvocationHelper.invokeMethod(MethodInvocationHelper.java:124)
	at org.testng.internal.Invoker.invokeMethod(Invoker.java:583)
	at org.testng.internal.Invoker.invokeTestMethod(Invoker.java:719)
	at org.testng.internal.Invoker.invokeTestMethods(Invoker.java:989)
	at org.testng.internal.TestMethodWorker.invokeTestMethods(TestMethodWorker.java:125)
	at org.testng.internal.TestMethodWorker.run(TestMethodWorker.java:109)
	at org.testng.TestRunner.privateRun(TestRunner.java:648)
	at org.testng.TestRunner.run(TestRunner.java:505)
	at org.testng.SuiteRunner.runTest(SuiteRunner.java:455)
	at org.testng.SuiteRunner.access$000(SuiteRunner.java:40)
	at org.testng.SuiteRunner$SuiteWorker.run(SuiteRunner.java:489)
	at org.testng.internal.thread.ThreadUtil$1.call(ThreadUtil.java:52)
	at java.base/java.util.concurrent.FutureTask.run(FutureTask.java:264)
	at java.base/java.util.concurrent.ThreadPoolExecutor.runWorker(ThreadPoolExecutor.java:1130)
	at java.base/java.util.concurrent.ThreadPoolExecutor$Worker.run(ThreadPoolExecutor.java:630)
	at java.base/java.lang.Thread.run(Thread.java:832)
</pre></div></td>
<td>6</td>
<td>FactoryRunners.CheckoutRunner@312ab28e</td></tr>
<tr>
<td title='FactoryRunners.CheckoutRunner.returnCheckoutTest()'><b>returnCheckoutTest</b><br>Test class: FactoryRunners.CheckoutRunner<br>Parameters: Mr., Mathew, Alex, 9898989898, 2333 3333 3333 3333, 02-Feb, 2025, 123, India, Thane, Thane, Thane, 123456, m, 1, 01-Jan, 2000, tejas@gmail.com</td>
<td><div><pre>java.lang.AssertionError: Stopper effect observed, Version has changed and as a result unit testing cannot be carried out
	at FactoryRunners.CheckoutRunner.returnCheckoutTest(CheckoutRunner.java:72)
	at java.base/java.util.concurrent.FutureTask.run(FutureTask.java:264)
	at java.base/java.util.concurrent.ThreadPoolExecutor.runWorker(ThreadPoolExecutor.java:1130)
	at java.base/java.util.concurrent.ThreadPoolExecutor$Worker.run(ThreadPoolExecutor.java:630)
	at java.base/java.lang.Thread.run(Thread.java:832)
... Removed 17 stack frames</pre></div><a href='#' onClick='toggleBox("stack-trace50588166", this, "Click to show all stack frames", "Click to hide stack frames")'>Click to show all stack frames</a>
<div class='stack-trace' id='stack-trace50588166'><pre>java.lang.AssertionError: Stopper effect observed, Version has changed and as a result unit testing cannot be carried out
	at org.testng.Assert.fail(Assert.java:96)
	at FactoryRunners.CheckoutRunner.returnCheckoutTest(CheckoutRunner.java:72)
	at java.base/jdk.internal.reflect.NativeMethodAccessorImpl.invoke0(Native Method)
	at java.base/jdk.internal.reflect.NativeMethodAccessorImpl.invoke(NativeMethodAccessorImpl.java:64)
	at java.base/jdk.internal.reflect.DelegatingMethodAccessorImpl.invoke(DelegatingMethodAccessorImpl.java:43)
	at java.base/java.lang.reflect.Method.invoke(Method.java:564)
	at org.testng.internal.MethodInvocationHelper.invokeMethod(MethodInvocationHelper.java:124)
	at org.testng.internal.Invoker.invokeMethod(Invoker.java:583)
	at org.testng.internal.Invoker.invokeTestMethod(Invoker.java:719)
	at org.testng.internal.Invoker.invokeTestMethods(Invoker.java:989)
	at org.testng.internal.TestMethodWorker.invokeTestMethods(TestMethodWorker.java:125)
	at org.testng.internal.TestMethodWorker.run(TestMethodWorker.java:109)
	at org.testng.TestRunner.privateRun(TestRunner.java:648)
	at org.testng.TestRunner.run(TestRunner.java:505)
	at org.testng.SuiteRunner.runTest(SuiteRunner.java:455)
	at org.testng.SuiteRunner.access$000(SuiteRunner.java:40)
	at org.testng.SuiteRunner$SuiteWorker.run(SuiteRunner.java:489)
	at org.testng.internal.thread.ThreadUtil$1.call(ThreadUtil.java:52)
	at java.base/java.util.concurrent.FutureTask.run(FutureTask.java:264)
	at java.base/java.util.concurrent.ThreadPoolExecutor.runWorker(ThreadPoolExecutor.java:1130)
	at java.base/java.util.concurrent.ThreadPoolExecutor$Worker.run(ThreadPoolExecutor.java:630)
	at java.base/java.lang.Thread.run(Thread.java:832)
</pre></div></td>
<td>17</td>
<td>FactoryRunners.CheckoutRunner@312ab28e</td></tr>
</table><p>
<table width='100%' border='1' class='invocation-passed'>
<tr><td colspan='4' align='center'><b>PASSED TESTS</b></td></tr>
<tr><td><b>Test method</b></td>
<td width="30%"><b>Exception</b></td>
<td width="10%"><b>Time (seconds)</b></td>
<td><b>Instance</b></td>
</tr>
<tr>
<td title='FactoryRunners.CheckChildRunner.childTest()'><b>childTest</b><br>Test class: FactoryRunners.CheckChildRunner<br>Parameters: Age, Age</td>
<td></td>
<td>5</td>
<td>FactoryRunners.CheckChildRunner@1522d8a0</td></tr>
<tr>
<td title='FactoryRunners.CheckChildRunner.childTest()'><b>childTest</b><br>Test class: FactoryRunners.CheckChildRunner<br>Parameters: 2, Age</td>
<td></td>
<td>6</td>
<td>FactoryRunners.CheckChildRunner@1522d8a0</td></tr>
<tr>
<td title='FactoryRunners.CheckChildRunner.childTest()'><b>childTest</b><br>Test class: FactoryRunners.CheckChildRunner<br>Parameters: 3, 3</td>
<td></td>
<td>18</td>
<td>FactoryRunners.CheckChildRunner@1522d8a0</td></tr>
<tr>
<td title='FactoryRunners.SearchingFlightsRunner.multiSearching()'><b>multiSearching</b><br>Test class: FactoryRunners.SearchingFlightsRunner<br>Parameters: Goa, Delhi, 29 May 2021, Delhi, Pune, 30 May 2021</td>
<td></td>
<td>30</td>
<td>FactoryRunners.SearchingFlightsRunner@5644dc81</td></tr>
<tr>
<td title='FactoryRunners.SearchingFlightsRunner.multiSearching()'><b>multiSearching</b><br>Test class: FactoryRunners.SearchingFlightsRunner<br>Parameters: Goa, Delhi, 15 April 2021, Delhi, Pune, 14 April 2021</td>
<td></td>
<td>28</td>
<td>FactoryRunners.SearchingFlightsRunner@5644dc81</td></tr>
<tr>
<td title='FactoryRunners.SearchingFlightsRunner.multiSearching()'><b>multiSearching</b><br>Test class: FactoryRunners.SearchingFlightsRunner<br>Parameters: Pune, Kolkata, 2 August 2021, Kolkata, Delhi, 3 August 2021</td>
<td></td>
<td>28</td>
<td>FactoryRunners.SearchingFlightsRunner@5644dc81</td></tr>
<tr>
<td title='FactoryRunners.SelectingFlightRunner.multiSelection()'><b>multiSelection</b><br>Test class: FactoryRunners.SelectingFlightRunner</td>
<td></td>
<td>30</td>
<td>FactoryRunners.SelectingFlightRunner@bff34c6</td></tr>
<tr>
<td title='FactoryRunners.SearchingFlightsRunner.oneWaySearching()'><b>oneWaySearching</b><br>Test class: FactoryRunners.SearchingFlightsRunner<br>Parameters: Mumbai, Bengarlu, 14 April 2021</td>
<td></td>
<td>27</td>
<td>FactoryRunners.SearchingFlightsRunner@5644dc81</td></tr>
<tr>
<td title='FactoryRunners.SearchingFlightsRunner.oneWaySearching()'><b>oneWaySearching</b><br>Test class: FactoryRunners.SearchingFlightsRunner<br>Parameters: Delhi, Goa, 15 April 2021</td>
<td></td>
<td>23</td>
<td>FactoryRunners.SearchingFlightsRunner@5644dc81</td></tr>
<tr>
<td title='FactoryRunners.SearchingFlightsRunner.oneWaySearching()'><b>oneWaySearching</b><br>Test class: FactoryRunners.SearchingFlightsRunner<br>Parameters: Mumbai, Mumbai, 16 August 2021</td>
<td></td>
<td>9</td>
<td>FactoryRunners.SearchingFlightsRunner@5644dc81</td></tr>
<tr>
<td title='FactoryRunners.SelectingFlightRunner.onewaySelection()'><b>onewaySelection</b><br>Test class: FactoryRunners.SelectingFlightRunner</td>
<td></td>
<td>20</td>
<td>FactoryRunners.SelectingFlightRunner@bff34c6</td></tr>
<tr>
<td title='FactoryRunners.SearchingFlightsRunner.returnSearching()'><b>returnSearching</b><br>Test class: FactoryRunners.SearchingFlightsRunner<br>Parameters: Mumbai, Bengarlu, 13 April 2021, 14 April 2021</td>
<td></td>
<td>23</td>
<td>FactoryRunners.SearchingFlightsRunner@5644dc81</td></tr>
<tr>
<td title='FactoryRunners.SearchingFlightsRunner.returnSearching()'><b>returnSearching</b><br>Test class: FactoryRunners.SearchingFlightsRunner<br>Parameters: Delhi, Delhi, 12 April 2021, 13 April 2021</td>
<td></td>
<td>11</td>
<td>FactoryRunners.SearchingFlightsRunner@5644dc81</td></tr>
<tr>
<td title='FactoryRunners.SearchingFlightsRunner.returnSearching()'><b>returnSearching</b><br>Test class: FactoryRunners.SearchingFlightsRunner<br>Parameters: Delhi, Goa, 12 August 2021, 13 August 2021</td>
<td></td>
<td>23</td>
<td>FactoryRunners.SearchingFlightsRunner@5644dc81</td></tr>
<tr>
<td title='FactoryRunners.SelectingFlightRunner.returnSelection()'><b>returnSelection</b><br>Test class: FactoryRunners.SelectingFlightRunner</td>
<td></td>
<td>34</td>
<td>FactoryRunners.SelectingFlightRunner@bff34c6</td></tr>
</table><p>
</body>
</html>