<?xml version="1.0" encoding="UTF-8"?>
<!-- Generated by org.testng.reporters.JUnitXMLReporter -->
<testsuite ignored="0" hostname="sword" failures="8" tests="18" name="UnitTests" time="466.747" errors="0" timestamp="01 Apr 2021 06:55:38 GMT">
  <testcase classname="FactoryRunners.SelectingFlightRunner" name="multiSelection" time="29.7"/>
  <testcase classname="FactoryRunners.SelectingFlightRunner" name="onewaySelection" time="25.696"/>
  <testcase classname="FactoryRunners.SelectingFlightRunner" name="returnSelection" time="27.014"/>
  <testcase classname="FactoryRunners.CheckChildRunner" name="AgeCheck1" time="12.739">
    <failure type="java.lang.AssertionError" message="Tell us the age(s) of children travelling">
      <![CDATA[java.lang.AssertionError: Tell us the age(s) of children travelling
at FactoryRunners.CheckChildRunner.AgeCheck1(CheckChildRunner.java:30)
... Removed 27 stack frames]]>
    </failure>
  </testcase> <!-- AgeCheck1 -->
  <testcase classname="FactoryRunners.CheckChildRunner" name="AgeCheck2" time="13.582">
    <failure type="java.lang.AssertionError" message="Tell us the age(s) of children travelling">
      <![CDATA[java.lang.AssertionError: Tell us the age(s) of children travelling
at FactoryRunners.CheckChildRunner.AgeCheck2(CheckChildRunner.java:55)
... Removed 27 stack frames]]>
    </failure>
  </testcase> <!-- AgeCheck2 -->
  <testcase classname="FactoryRunners.CheckChildRunner" name="AgeCheck3" time="25.315"/>
  <testcase classname="FactoryRunners.CheckoutRunner" name="CheckPageTest1" time="27.219">
    <failure type="java.lang.AssertionError" message="enter valid card number ">
      <![CDATA[java.lang.AssertionError: enter valid card number 
at FactoryRunners.CheckoutRunner.CheckPageTest1(CheckoutRunner.java:27)
... Removed 27 stack frames]]>
    </failure>
  </testcase> <!-- CheckPageTest1 -->
  <testcase classname="FactoryRunners.CheckoutRunner" name="CheckPageTest2" time="20.853">
    <failure type="java.lang.AssertionError" message="enter valid card number ">
      <![CDATA[java.lang.AssertionError: enter valid card number 
at FactoryRunners.CheckoutRunner.CheckPageTest2(CheckoutRunner.java:50)
... Removed 27 stack frames]]>
    </failure>
  </testcase> <!-- CheckPageTest2 -->
  <testcase classname="FactoryRunners.CheckoutRunner" name="CheckPageTest3" time="20.849">
    <failure type="java.lang.AssertionError" message="enter valid card number ">
      <![CDATA[java.lang.AssertionError: enter valid card number 
at FactoryRunners.CheckoutRunner.CheckPageTest3(CheckoutRunner.java:73)
... Removed 27 stack frames]]>
    </failure>
  </testcase> <!-- CheckPageTest3 -->
  <testcase classname="FactoryRunners.SearchingFlightsRunner" name="oneWaySearching" time="28.141"/>
  <testcase classname="FactoryRunners.SearchingFlightsRunner" name="oneWaySearching" time="22.632"/>
  <testcase classname="FactoryRunners.SearchingFlightsRunner" name="oneWaySearching" time="13.0">
    <failure type="java.lang.AssertionError" message="Error message:Same source and Destination error has occured on the site">
      <![CDATA[java.lang.AssertionError: Error message:Same source and Destination error has occured on the site
at FactoryRunners.SearchingFlightsRunner.oneWaySearching(SearchingFlightsRunner.java:38)
... Removed 27 stack frames]]>
    </failure>
  </testcase> <!-- oneWaySearching -->
  <testcase classname="FactoryRunners.SearchingFlightsRunner" name="returnSearching" time="30.163"/>
  <testcase classname="FactoryRunners.SearchingFlightsRunner" name="returnSearching" time="19.14">
    <failure type="java.lang.AssertionError" message="Error message:Same source and Destination error has occured on the site">
      <![CDATA[java.lang.AssertionError: Error message:Same source and Destination error has occured on the site
at FactoryRunners.SearchingFlightsRunner.returnSearching(SearchingFlightsRunner.java:72)
... Removed 27 stack frames]]>
    </failure>
  </testcase> <!-- returnSearching -->
  <testcase classname="FactoryRunners.SearchingFlightsRunner" name="returnSearching" time="26.853"/>
  <testcase classname="FactoryRunners.SearchingFlightsRunner" name="multiSearching" time="31.027"/>
  <testcase classname="FactoryRunners.SearchingFlightsRunner" name="multiSearching" time="34.744">
    <failure type="java.lang.AssertionError" message="Error message : The departing date must occur after the previous departing date">
      <![CDATA[java.lang.AssertionError: Error message : The departing date must occur after the previous departing date
at FactoryRunners.SearchingFlightsRunner.multiSearching(SearchingFlightsRunner.java:109)
... Removed 27 stack frames]]>
    </failure>
  </testcase> <!-- multiSearching -->
  <testcase classname="FactoryRunners.SearchingFlightsRunner" name="multiSearching" time="30.293"/>
</testsuite> <!-- UnitTests -->
