<?xml version="1.0" encoding="UTF-8"?>
<!-- Generated by org.testng.reporters.JUnitXMLReporter -->
<testsuite ignored="0" hostname="sword" failures="0" tests="3" name="FireFoxTest" time="0.245" errors="0" timestamp="01 Apr 2021 03:49:19 GMT">
  <testcase classname="Helpers.BaseClass" name="@BeforeClass beforeClass" time="0.072">
    <failure type="java.lang.IllegalStateException" message="The path to the driver executable must be set by the webdriver.chrome.driver system property; for more information, see https://github.com/SeleniumHQ/selenium/wiki/ChromeDriver. The latest version can be downloaded from http://chromedriver.storage.googleapis.com/index.html">
      <![CDATA[java.lang.IllegalStateException: The path to the driver executable must be set by the webdriver.chrome.driver system property; for more information, see https://github.com/SeleniumHQ/selenium/wiki/ChromeDriver. The latest version can be downloaded from http://chromedriver.storage.googleapis.com/index.html
at com.google.common.base.Preconditions.checkState(Preconditions.java:847)
at org.openqa.selenium.remote.service.DriverService.findExecutable(DriverService.java:134)
at org.openqa.selenium.chrome.ChromeDriverService.access$000(ChromeDriverService.java:35)
at org.openqa.selenium.chrome.ChromeDriverService$Builder.findDefaultExecutable(ChromeDriverService.java:159)
at org.openqa.selenium.remote.service.DriverService$Builder.build(DriverService.java:355)
at org.openqa.selenium.chrome.ChromeDriverService.createDefaultService(ChromeDriverService.java:94)
at org.openqa.selenium.chrome.ChromeDriver.<init>(ChromeDriver.java:123)
at Helpers.HelperFunctions.startBrowser(HelperFunctions.java:31)
at Helpers.BaseClass.beforeClass(BaseClass.java:25)
at java.base/java.util.concurrent.FutureTask.run(FutureTask.java:264)
at java.base/java.util.concurrent.ThreadPoolExecutor.runWorker(ThreadPoolExecutor.java:1130)
at java.base/java.util.concurrent.ThreadPoolExecutor$Worker.run(ThreadPoolExecutor.java:630)
at java.base/java.lang.Thread.run(Thread.java:832)
... Removed 17 stack frames]]>
    </failure>
  </testcase> <!-- @BeforeClass beforeClass -->
  <testcase classname="Helpers.BaseClass" name="@AfterClass afterClass" time="0.0">
    <skipped/>
  </testcase> <!-- @AfterClass afterClass -->
  <testcase classname="FactoryRunners.SystemTestCasesRunner" name="multiCityBooking" time="0.0">
    <skipped/>
  </testcase> <!-- multiCityBooking -->
  <testcase classname="FactoryRunners.SystemTestCasesRunner" name="oneWayFlightBooking" time="0.0">
    <skipped/>
  </testcase> <!-- oneWayFlightBooking -->
  <testcase classname="FactoryRunners.SystemTestCasesRunner" name="returnFlighBooking" time="0.0">
    <skipped/>
  </testcase> <!-- returnFlighBooking -->
</testsuite> <!-- FireFoxTest -->
